{"/Users/kevindowning/Projects/school/compsci-320/CS320-project/scrapper/src/models.ts": {"path":"/Users/kevindowning/Projects/school/compsci-320/CS320-project/scrapper/src/models.ts","statementMap":{"0":{"start":{"line":2,"column":0},"end":{"line":2,"column":62}},"1":{"start":{"line":3,"column":0},"end":{"line":3,"column":46}},"2":{"start":{"line":5,"column":0},"end":{"line":12,"column":68}},"3":{"start":{"line":6,"column":4},"end":{"line":6,"column":39}},"4":{"start":{"line":7,"column":4},"end":{"line":7,"column":45}},"5":{"start":{"line":8,"column":4},"end":{"line":8,"column":45}},"6":{"start":{"line":9,"column":4},"end":{"line":9,"column":35}},"7":{"start":{"line":10,"column":4},"end":{"line":10,"column":31}},"8":{"start":{"line":11,"column":4},"end":{"line":11,"column":39}},"9":{"start":{"line":14,"column":0},"end":{"line":19,"column":53}},"10":{"start":{"line":15,"column":4},"end":{"line":15,"column":28}},"11":{"start":{"line":16,"column":4},"end":{"line":16,"column":32}},"12":{"start":{"line":17,"column":4},"end":{"line":17,"column":32}},"13":{"start":{"line":18,"column":4},"end":{"line":18,"column":32}}},"fnMap":{"0":{"name":"(anonymous_0)","decl":{"start":{"line":5,"column":1},"end":{"line":5,"column":2}},"loc":{"start":{"line":5,"column":24},"end":{"line":12,"column":1}},"line":5},"1":{"name":"(anonymous_1)","decl":{"start":{"line":14,"column":1},"end":{"line":14,"column":2}},"loc":{"start":{"line":14,"column":19},"end":{"line":19,"column":1}},"line":14}},"branchMap":{"0":{"loc":{"start":{"line":12,"column":17},"end":{"line":12,"column":66}},"type":"binary-expr","locations":[{"start":{"line":12,"column":17},"end":{"line":12,"column":36}},{"start":{"line":12,"column":41},"end":{"line":12,"column":65}}],"line":12},"1":{"loc":{"start":{"line":19,"column":12},"end":{"line":19,"column":51}},"type":"binary-expr","locations":[{"start":{"line":19,"column":12},"end":{"line":19,"column":26}},{"start":{"line":19,"column":31},"end":{"line":19,"column":50}}],"line":19}},"s":{"0":1,"1":1,"2":1,"3":1,"4":1,"5":1,"6":1,"7":1,"8":1,"9":1,"10":1,"11":1,"12":1,"13":1},"f":{"0":1,"1":1},"b":{"0":[1,1],"1":[1,1]},"_coverageSchema":"1a1c01bbd47fc00a2c39e90264f33305004495a9","hash":"00ff084738dbce6bc05ad4b00f731200e493ac9f"}
,"/Users/kevindowning/Projects/school/compsci-320/CS320-project/scrapper/src/util.ts": {"path":"/Users/kevindowning/Projects/school/compsci-320/CS320-project/scrapper/src/util.ts","statementMap":{"0":{"start":{"line":2,"column":16},"end":{"line":10,"column":1}},"1":{"start":{"line":3,"column":28},"end":{"line":3,"column":110}},"2":{"start":{"line":3,"column":91},"end":{"line":3,"column":106}},"3":{"start":{"line":4,"column":4},"end":{"line":9,"column":7}},"4":{"start":{"line":5,"column":36},"end":{"line":5,"column":97}},"5":{"start":{"line":5,"column":42},"end":{"line":5,"column":70}},"6":{"start":{"line":5,"column":85},"end":{"line":5,"column":95}},"7":{"start":{"line":6,"column":35},"end":{"line":6,"column":100}},"8":{"start":{"line":6,"column":41},"end":{"line":6,"column":73}},"9":{"start":{"line":6,"column":88},"end":{"line":6,"column":98}},"10":{"start":{"line":7,"column":32},"end":{"line":7,"column":116}},"11":{"start":{"line":8,"column":8},"end":{"line":8,"column":78}},"12":{"start":{"line":11,"column":22},"end":{"line":13,"column":1}},"13":{"start":{"line":12,"column":4},"end":{"line":12,"column":62}},"14":{"start":{"line":14,"column":0},"end":{"line":14,"column":62}},"15":{"start":{"line":15,"column":0},"end":{"line":15,"column":172}},"16":{"start":{"line":16,"column":16},"end":{"line":16,"column":49}},"17":{"start":{"line":17,"column":17},"end":{"line":17,"column":36}},"18":{"start":{"line":18,"column":26},"end":{"line":28,"column":1}},"19":{"start":{"line":19,"column":29},"end":{"line":19,"column":54}},"20":{"start":{"line":20,"column":27},"end":{"line":20,"column":42}},"21":{"start":{"line":21,"column":4},"end":{"line":23,"column":5}},"22":{"start":{"line":22,"column":8},"end":{"line":22,"column":21}},"23":{"start":{"line":24,"column":4},"end":{"line":26,"column":5}},"24":{"start":{"line":25,"column":8},"end":{"line":25,"column":41}},"25":{"start":{"line":27,"column":4},"end":{"line":27,"column":33}},"26":{"start":{"line":29,"column":0},"end":{"line":29,"column":46}},"27":{"start":{"line":30,"column":0},"end":{"line":33,"column":2}},"28":{"start":{"line":34,"column":0},"end":{"line":36,"column":2}},"29":{"start":{"line":38,"column":4},"end":{"line":47,"column":5}},"30":{"start":{"line":40,"column":12},"end":{"line":40,"column":26}},"31":{"start":{"line":42,"column":12},"end":{"line":42,"column":28}},"32":{"start":{"line":44,"column":12},"end":{"line":44,"column":28}},"33":{"start":{"line":46,"column":12},"end":{"line":46,"column":28}},"34":{"start":{"line":49,"column":0},"end":{"line":49,"column":38}},"35":{"start":{"line":51,"column":4},"end":{"line":60,"column":7}},"36":{"start":{"line":52,"column":8},"end":{"line":59,"column":9}},"37":{"start":{"line":53,"column":24},"end":{"line":53,"column":54}},"38":{"start":{"line":54,"column":25},"end":{"line":54,"column":33}},"39":{"start":{"line":55,"column":12},"end":{"line":55,"column":24}},"40":{"start":{"line":58,"column":12},"end":{"line":58,"column":42}},"41":{"start":{"line":62,"column":0},"end":{"line":62,"column":38}},"42":{"start":{"line":64,"column":4},"end":{"line":68,"column":5}},"43":{"start":{"line":65,"column":8},"end":{"line":67,"column":9}},"44":{"start":{"line":66,"column":12},"end":{"line":66,"column":24}},"45":{"start":{"line":69,"column":4},"end":{"line":69,"column":17}},"46":{"start":{"line":71,"column":0},"end":{"line":71,"column":38}},"47":{"start":{"line":73,"column":4},"end":{"line":79,"column":5}},"48":{"start":{"line":74,"column":21},"end":{"line":74,"column":26}},"49":{"start":{"line":75,"column":8},"end":{"line":77,"column":9}},"50":{"start":{"line":76,"column":12},"end":{"line":76,"column":61}},"51":{"start":{"line":76,"column":41},"end":{"line":76,"column":59}},"52":{"start":{"line":78,"column":8},"end":{"line":78,"column":22}},"53":{"start":{"line":80,"column":4},"end":{"line":80,"column":14}},"54":{"start":{"line":82,"column":0},"end":{"line":82,"column":32}}},"fnMap":{"0":{"name":"(anonymous_0)","decl":{"start":{"line":2,"column":44},"end":{"line":2,"column":45}},"loc":{"start":{"line":2,"column":89},"end":{"line":10,"column":1}},"line":2},"1":{"name":"adopt","decl":{"start":{"line":3,"column":13},"end":{"line":3,"column":18}},"loc":{"start":{"line":3,"column":26},"end":{"line":3,"column":112}},"line":3},"2":{"name":"(anonymous_2)","decl":{"start":{"line":3,"column":70},"end":{"line":3,"column":71}},"loc":{"start":{"line":3,"column":89},"end":{"line":3,"column":108}},"line":3},"3":{"name":"(anonymous_3)","decl":{"start":{"line":4,"column":36},"end":{"line":4,"column":37}},"loc":{"start":{"line":4,"column":63},"end":{"line":9,"column":5}},"line":4},"4":{"name":"fulfilled","decl":{"start":{"line":5,"column":17},"end":{"line":5,"column":26}},"loc":{"start":{"line":5,"column":34},"end":{"line":5,"column":99}},"line":5},"5":{"name":"rejected","decl":{"start":{"line":6,"column":17},"end":{"line":6,"column":25}},"loc":{"start":{"line":6,"column":33},"end":{"line":6,"column":102}},"line":6},"6":{"name":"step","decl":{"start":{"line":7,"column":17},"end":{"line":7,"column":21}},"loc":{"start":{"line":7,"column":30},"end":{"line":7,"column":118}},"line":7},"7":{"name":"(anonymous_7)","decl":{"start":{"line":11,"column":56},"end":{"line":11,"column":57}},"loc":{"start":{"line":11,"column":71},"end":{"line":13,"column":1}},"line":11},"8":{"name":"(anonymous_8)","decl":{"start":{"line":18,"column":26},"end":{"line":18,"column":27}},"loc":{"start":{"line":18,"column":39},"end":{"line":28,"column":1}},"line":18},"9":{"name":"getSeasonName","decl":{"start":{"line":37,"column":9},"end":{"line":37,"column":22}},"loc":{"start":{"line":37,"column":31},"end":{"line":48,"column":1}},"line":37},"10":{"name":"fetchCICSPage","decl":{"start":{"line":50,"column":9},"end":{"line":50,"column":22}},"loc":{"start":{"line":50,"column":42},"end":{"line":61,"column":1}},"line":50},"11":{"name":"(anonymous_11)","decl":{"start":{"line":51,"column":43},"end":{"line":51,"column":44}},"loc":{"start":{"line":51,"column":56},"end":{"line":60,"column":5}},"line":51},"12":{"name":"multiIncludes","decl":{"start":{"line":63,"column":9},"end":{"line":63,"column":22}},"loc":{"start":{"line":63,"column":40},"end":{"line":70,"column":1}},"line":63},"13":{"name":"multisplit","decl":{"start":{"line":72,"column":9},"end":{"line":72,"column":19}},"loc":{"start":{"line":72,"column":37},"end":{"line":81,"column":1}},"line":72},"14":{"name":"(anonymous_14)","decl":{"start":{"line":76,"column":36},"end":{"line":76,"column":37}},"loc":{"start":{"line":76,"column":41},"end":{"line":76,"column":59}},"line":76}},"branchMap":{"0":{"loc":{"start":{"line":2,"column":16},"end":{"line":10,"column":1}},"type":"binary-expr","locations":[{"start":{"line":2,"column":17},"end":{"line":2,"column":21}},{"start":{"line":2,"column":25},"end":{"line":2,"column":39}},{"start":{"line":2,"column":44},"end":{"line":10,"column":1}}],"line":2},"1":{"loc":{"start":{"line":3,"column":35},"end":{"line":3,"column":109}},"type":"cond-expr","locations":[{"start":{"line":3,"column":56},"end":{"line":3,"column":61}},{"start":{"line":3,"column":64},"end":{"line":3,"column":109}}],"line":3},"2":{"loc":{"start":{"line":4,"column":16},"end":{"line":4,"column":34}},"type":"binary-expr","locations":[{"start":{"line":4,"column":16},"end":{"line":4,"column":17}},{"start":{"line":4,"column":22},"end":{"line":4,"column":33}}],"line":4},"3":{"loc":{"start":{"line":7,"column":32},"end":{"line":7,"column":115}},"type":"cond-expr","locations":[{"start":{"line":7,"column":46},"end":{"line":7,"column":67}},{"start":{"line":7,"column":70},"end":{"line":7,"column":115}}],"line":7},"4":{"loc":{"start":{"line":8,"column":51},"end":{"line":8,"column":67}},"type":"binary-expr","locations":[{"start":{"line":8,"column":51},"end":{"line":8,"column":61}},{"start":{"line":8,"column":65},"end":{"line":8,"column":67}}],"line":8},"5":{"loc":{"start":{"line":11,"column":22},"end":{"line":13,"column":1}},"type":"binary-expr","locations":[{"start":{"line":11,"column":23},"end":{"line":11,"column":27}},{"start":{"line":11,"column":31},"end":{"line":11,"column":51}},{"start":{"line":11,"column":56},"end":{"line":13,"column":1}}],"line":11},"6":{"loc":{"start":{"line":12,"column":11},"end":{"line":12,"column":61}},"type":"cond-expr","locations":[{"start":{"line":12,"column":37},"end":{"line":12,"column":40}},{"start":{"line":12,"column":43},"end":{"line":12,"column":61}}],"line":12},"7":{"loc":{"start":{"line":12,"column":12},"end":{"line":12,"column":33}},"type":"binary-expr","locations":[{"start":{"line":12,"column":12},"end":{"line":12,"column":15}},{"start":{"line":12,"column":19},"end":{"line":12,"column":33}}],"line":12},"8":{"loc":{"start":{"line":21,"column":4},"end":{"line":23,"column":5}},"type":"if","locations":[{"start":{"line":21,"column":4},"end":{"line":23,"column":5}},{"start":{},"end":{}}],"line":21},"9":{"loc":{"start":{"line":24,"column":4},"end":{"line":26,"column":5}},"type":"if","locations":[{"start":{"line":24,"column":4},"end":{"line":26,"column":5}},{"start":{},"end":{}}],"line":24},"10":{"loc":{"start":{"line":38,"column":4},"end":{"line":47,"column":5}},"type":"switch","locations":[{"start":{"line":39,"column":8},"end":{"line":40,"column":26}},{"start":{"line":41,"column":8},"end":{"line":42,"column":28}},{"start":{"line":43,"column":8},"end":{"line":44,"column":28}},{"start":{"line":45,"column":8},"end":{"line":46,"column":28}}],"line":38},"11":{"loc":{"start":{"line":65,"column":8},"end":{"line":67,"column":9}},"type":"if","locations":[{"start":{"line":65,"column":8},"end":{"line":67,"column":9}},{"start":{},"end":{}}],"line":65},"12":{"loc":{"start":{"line":73,"column":4},"end":{"line":79,"column":5}},"type":"if","locations":[{"start":{"line":73,"column":4},"end":{"line":79,"column":5}},{"start":{},"end":{}}],"line":73}},"s":{"0":1,"1":2,"2":0,"3":2,"4":2,"5":2,"6":0,"7":0,"8":0,"9":0,"10":4,"11":2,"12":1,"13":1,"14":1,"15":1,"16":1,"17":1,"18":1,"19":410,"20":410,"21":410,"22":51,"23":410,"24":279,"25":410,"26":1,"27":1,"28":1,"29":1,"30":0,"31":1,"32":0,"33":0,"34":1,"35":2,"36":2,"37":2,"38":2,"39":2,"40":0,"41":1,"42":0,"43":0,"44":0,"45":0,"46":1,"47":0,"48":0,"49":0,"50":0,"51":0,"52":0,"53":0,"54":1},"f":{"0":2,"1":2,"2":0,"3":2,"4":2,"5":0,"6":4,"7":1,"8":410,"9":1,"10":2,"11":2,"12":0,"13":0,"14":0},"b":{"0":[1,1,1],"1":[2,0],"2":[2,2],"3":[2,2],"4":[2,2],"5":[1,1,1],"6":[0,1],"7":[1,1],"8":[51,359],"9":[279,131],"10":[0,1,0,0],"11":[0,0],"12":[0,0]},"_coverageSchema":"1a1c01bbd47fc00a2c39e90264f33305004495a9","hash":"72da24e894ed62479d9b62db3bdea40a3a22e965"}
,"/Users/kevindowning/Projects/school/compsci-320/CS320-project/scrapper/src/scrappers/professor-scrapper.ts": {"path":"/Users/kevindowning/Projects/school/compsci-320/CS320-project/scrapper/src/scrappers/professor-scrapper.ts","statementMap":{"0":{"start":{"line":2,"column":22},"end":{"line":12,"column":3}},"1":{"start":{"line":3,"column":4},"end":{"line":3,"column":33}},"2":{"start":{"line":3,"column":26},"end":{"line":3,"column":33}},"3":{"start":{"line":4,"column":15},"end":{"line":4,"column":52}},"4":{"start":{"line":5,"column":4},"end":{"line":7,"column":5}},"5":{"start":{"line":6,"column":6},"end":{"line":6,"column":68}},"6":{"start":{"line":6,"column":51},"end":{"line":6,"column":63}},"7":{"start":{"line":8,"column":4},"end":{"line":8,"column":39}},"8":{"start":{"line":10,"column":4},"end":{"line":10,"column":33}},"9":{"start":{"line":10,"column":26},"end":{"line":10,"column":33}},"10":{"start":{"line":11,"column":4},"end":{"line":11,"column":17}},"11":{"start":{"line":13,"column":25},"end":{"line":17,"column":2}},"12":{"start":{"line":14,"column":4},"end":{"line":14,"column":72}},"13":{"start":{"line":16,"column":4},"end":{"line":16,"column":21}},"14":{"start":{"line":18,"column":19},"end":{"line":24,"column":1}},"15":{"start":{"line":19,"column":4},"end":{"line":19,"column":42}},"16":{"start":{"line":19,"column":31},"end":{"line":19,"column":42}},"17":{"start":{"line":20,"column":17},"end":{"line":20,"column":19}},"18":{"start":{"line":21,"column":4},"end":{"line":21,"column":141}},"19":{"start":{"line":21,"column":21},"end":{"line":21,"column":141}},"20":{"start":{"line":21,"column":40},"end":{"line":21,"column":141}},"21":{"start":{"line":21,"column":109},"end":{"line":21,"column":141}},"22":{"start":{"line":22,"column":4},"end":{"line":22,"column":36}},"23":{"start":{"line":23,"column":4},"end":{"line":23,"column":18}},"24":{"start":{"line":25,"column":16},"end":{"line":33,"column":1}},"25":{"start":{"line":26,"column":28},"end":{"line":26,"column":110}},"26":{"start":{"line":26,"column":91},"end":{"line":26,"column":106}},"27":{"start":{"line":27,"column":4},"end":{"line":32,"column":7}},"28":{"start":{"line":28,"column":36},"end":{"line":28,"column":97}},"29":{"start":{"line":28,"column":42},"end":{"line":28,"column":70}},"30":{"start":{"line":28,"column":85},"end":{"line":28,"column":95}},"31":{"start":{"line":29,"column":35},"end":{"line":29,"column":100}},"32":{"start":{"line":29,"column":41},"end":{"line":29,"column":73}},"33":{"start":{"line":29,"column":88},"end":{"line":29,"column":98}},"34":{"start":{"line":30,"column":32},"end":{"line":30,"column":116}},"35":{"start":{"line":31,"column":8},"end":{"line":31,"column":78}},"36":{"start":{"line":34,"column":0},"end":{"line":34,"column":62}},"37":{"start":{"line":35,"column":0},"end":{"line":35,"column":67}},"38":{"start":{"line":36,"column":15},"end":{"line":36,"column":33}},"39":{"start":{"line":37,"column":16},"end":{"line":37,"column":48}},"40":{"start":{"line":38,"column":28},"end":{"line":38,"column":58}},"41":{"start":{"line":40,"column":4},"end":{"line":65,"column":7}},"42":{"start":{"line":41,"column":21},"end":{"line":41,"column":124}},"43":{"start":{"line":42,"column":18},"end":{"line":42,"column":36}},"44":{"start":{"line":43,"column":25},"end":{"line":43,"column":27}},"45":{"start":{"line":44,"column":20},"end":{"line":44,"column":22}},"46":{"start":{"line":45,"column":19},"end":{"line":45,"column":23}},"47":{"start":{"line":46,"column":8},"end":{"line":63,"column":14}},"48":{"start":{"line":46,"column":73},"end":{"line":63,"column":10}},"49":{"start":{"line":47,"column":25},"end":{"line":47,"column":96}},"50":{"start":{"line":48,"column":25},"end":{"line":48,"column":73}},"51":{"start":{"line":49,"column":29},"end":{"line":49,"column":89}},"52":{"start":{"line":50,"column":12},"end":{"line":62,"column":13}},"53":{"start":{"line":51,"column":28},"end":{"line":51,"column":103}},"54":{"start":{"line":52,"column":16},"end":{"line":52,"column":56}},"55":{"start":{"line":53,"column":28},"end":{"line":53,"column":103}},"56":{"start":{"line":54,"column":16},"end":{"line":54,"column":56}},"57":{"start":{"line":55,"column":29},"end":{"line":55,"column":107}},"58":{"start":{"line":56,"column":16},"end":{"line":56,"column":59}},"59":{"start":{"line":57,"column":34},"end":{"line":60,"column":224}},"60":{"start":{"line":61,"column":16},"end":{"line":61,"column":43}},"61":{"start":{"line":64,"column":8},"end":{"line":64,"column":26}},"62":{"start":{"line":67,"column":0},"end":{"line":67,"column":52}},"63":{"start":{"line":69,"column":4},"end":{"line":86,"column":7}},"64":{"start":{"line":70,"column":22},"end":{"line":70,"column":57}},"65":{"start":{"line":71,"column":21},"end":{"line":71,"column":78}},"66":{"start":{"line":72,"column":18},"end":{"line":72,"column":36}},"67":{"start":{"line":73,"column":22},"end":{"line":73,"column":72}},"68":{"start":{"line":74,"column":26},"end":{"line":74,"column":98}},"69":{"start":{"line":75,"column":25},"end":{"line":75,"column":96}},"70":{"start":{"line":76,"column":27},"end":{"line":76,"column":109}},"71":{"start":{"line":77,"column":23},"end":{"line":77,"column":61}},"72":{"start":{"line":78,"column":8},"end":{"line":85,"column":10}},"73":{"start":{"line":88,"column":0},"end":{"line":88,"column":48}}},"fnMap":{"0":{"name":"(anonymous_0)","decl":{"start":{"line":2,"column":74},"end":{"line":2,"column":75}},"loc":{"start":{"line":2,"column":96},"end":{"line":9,"column":1}},"line":2},"1":{"name":"(anonymous_1)","decl":{"start":{"line":6,"column":38},"end":{"line":6,"column":39}},"loc":{"start":{"line":6,"column":49},"end":{"line":6,"column":65}},"line":6},"2":{"name":"(anonymous_2)","decl":{"start":{"line":9,"column":6},"end":{"line":9,"column":7}},"loc":{"start":{"line":9,"column":28},"end":{"line":12,"column":1}},"line":9},"3":{"name":"(anonymous_3)","decl":{"start":{"line":13,"column":80},"end":{"line":13,"column":81}},"loc":{"start":{"line":13,"column":95},"end":{"line":15,"column":1}},"line":13},"4":{"name":"(anonymous_4)","decl":{"start":{"line":15,"column":5},"end":{"line":15,"column":6}},"loc":{"start":{"line":15,"column":20},"end":{"line":17,"column":1}},"line":15},"5":{"name":"(anonymous_5)","decl":{"start":{"line":18,"column":50},"end":{"line":18,"column":51}},"loc":{"start":{"line":18,"column":65},"end":{"line":24,"column":1}},"line":18},"6":{"name":"(anonymous_6)","decl":{"start":{"line":25,"column":44},"end":{"line":25,"column":45}},"loc":{"start":{"line":25,"column":89},"end":{"line":33,"column":1}},"line":25},"7":{"name":"adopt","decl":{"start":{"line":26,"column":13},"end":{"line":26,"column":18}},"loc":{"start":{"line":26,"column":26},"end":{"line":26,"column":112}},"line":26},"8":{"name":"(anonymous_8)","decl":{"start":{"line":26,"column":70},"end":{"line":26,"column":71}},"loc":{"start":{"line":26,"column":89},"end":{"line":26,"column":108}},"line":26},"9":{"name":"(anonymous_9)","decl":{"start":{"line":27,"column":36},"end":{"line":27,"column":37}},"loc":{"start":{"line":27,"column":63},"end":{"line":32,"column":5}},"line":27},"10":{"name":"fulfilled","decl":{"start":{"line":28,"column":17},"end":{"line":28,"column":26}},"loc":{"start":{"line":28,"column":34},"end":{"line":28,"column":99}},"line":28},"11":{"name":"rejected","decl":{"start":{"line":29,"column":17},"end":{"line":29,"column":25}},"loc":{"start":{"line":29,"column":33},"end":{"line":29,"column":102}},"line":29},"12":{"name":"step","decl":{"start":{"line":30,"column":17},"end":{"line":30,"column":21}},"loc":{"start":{"line":30,"column":30},"end":{"line":30,"column":118}},"line":30},"13":{"name":"fetchCICSSProfessors","decl":{"start":{"line":39,"column":9},"end":{"line":39,"column":29}},"loc":{"start":{"line":39,"column":32},"end":{"line":66,"column":1}},"line":39},"14":{"name":"(anonymous_14)","decl":{"start":{"line":40,"column":43},"end":{"line":40,"column":44}},"loc":{"start":{"line":40,"column":56},"end":{"line":65,"column":5}},"line":40},"15":{"name":"(anonymous_15)","decl":{"start":{"line":46,"column":57},"end":{"line":46,"column":58}},"loc":{"start":{"line":46,"column":73},"end":{"line":63,"column":10}},"line":46},"16":{"name":"(anonymous_16)","decl":{"start":{"line":46,"column":105},"end":{"line":46,"column":106}},"loc":{"start":{"line":46,"column":118},"end":{"line":63,"column":9}},"line":46},"17":{"name":"fetchCICSProfessor","decl":{"start":{"line":68,"column":9},"end":{"line":68,"column":27}},"loc":{"start":{"line":68,"column":34},"end":{"line":87,"column":1}},"line":68},"18":{"name":"(anonymous_18)","decl":{"start":{"line":69,"column":43},"end":{"line":69,"column":44}},"loc":{"start":{"line":69,"column":56},"end":{"line":86,"column":5}},"line":69}},"branchMap":{"0":{"loc":{"start":{"line":2,"column":22},"end":{"line":12,"column":3}},"type":"binary-expr","locations":[{"start":{"line":2,"column":23},"end":{"line":2,"column":27}},{"start":{"line":2,"column":31},"end":{"line":2,"column":51}},{"start":{"line":2,"column":57},"end":{"line":12,"column":2}}],"line":2},"1":{"loc":{"start":{"line":2,"column":57},"end":{"line":12,"column":2}},"type":"cond-expr","locations":[{"start":{"line":2,"column":74},"end":{"line":9,"column":1}},{"start":{"line":9,"column":6},"end":{"line":12,"column":1}}],"line":2},"2":{"loc":{"start":{"line":3,"column":4},"end":{"line":3,"column":33}},"type":"if","locations":[{"start":{"line":3,"column":4},"end":{"line":3,"column":33}},{"start":{},"end":{}}],"line":3},"3":{"loc":{"start":{"line":5,"column":4},"end":{"line":7,"column":5}},"type":"if","locations":[{"start":{"line":5,"column":4},"end":{"line":7,"column":5}},{"start":{},"end":{}}],"line":5},"4":{"loc":{"start":{"line":5,"column":8},"end":{"line":5,"column":85}},"type":"binary-expr","locations":[{"start":{"line":5,"column":8},"end":{"line":5,"column":13}},{"start":{"line":5,"column":18},"end":{"line":5,"column":84}}],"line":5},"5":{"loc":{"start":{"line":5,"column":18},"end":{"line":5,"column":84}},"type":"cond-expr","locations":[{"start":{"line":5,"column":34},"end":{"line":5,"column":47}},{"start":{"line":5,"column":50},"end":{"line":5,"column":84}}],"line":5},"6":{"loc":{"start":{"line":5,"column":50},"end":{"line":5,"column":84}},"type":"binary-expr","locations":[{"start":{"line":5,"column":50},"end":{"line":5,"column":63}},{"start":{"line":5,"column":67},"end":{"line":5,"column":84}}],"line":5},"7":{"loc":{"start":{"line":10,"column":4},"end":{"line":10,"column":33}},"type":"if","locations":[{"start":{"line":10,"column":4},"end":{"line":10,"column":33}},{"start":{},"end":{}}],"line":10},"8":{"loc":{"start":{"line":13,"column":25},"end":{"line":17,"column":2}},"type":"binary-expr","locations":[{"start":{"line":13,"column":26},"end":{"line":13,"column":30}},{"start":{"line":13,"column":34},"end":{"line":13,"column":57}},{"start":{"line":13,"column":63},"end":{"line":17,"column":1}}],"line":13},"9":{"loc":{"start":{"line":13,"column":63},"end":{"line":17,"column":1}},"type":"cond-expr","locations":[{"start":{"line":13,"column":80},"end":{"line":15,"column":1}},{"start":{"line":15,"column":5},"end":{"line":17,"column":1}}],"line":13},"10":{"loc":{"start":{"line":18,"column":19},"end":{"line":24,"column":1}},"type":"binary-expr","locations":[{"start":{"line":18,"column":20},"end":{"line":18,"column":24}},{"start":{"line":18,"column":28},"end":{"line":18,"column":45}},{"start":{"line":18,"column":50},"end":{"line":24,"column":1}}],"line":18},"11":{"loc":{"start":{"line":19,"column":4},"end":{"line":19,"column":42}},"type":"if","locations":[{"start":{"line":19,"column":4},"end":{"line":19,"column":42}},{"start":{},"end":{}}],"line":19},"12":{"loc":{"start":{"line":19,"column":8},"end":{"line":19,"column":29}},"type":"binary-expr","locations":[{"start":{"line":19,"column":8},"end":{"line":19,"column":11}},{"start":{"line":19,"column":15},"end":{"line":19,"column":29}}],"line":19},"13":{"loc":{"start":{"line":21,"column":4},"end":{"line":21,"column":141}},"type":"if","locations":[{"start":{"line":21,"column":4},"end":{"line":21,"column":141}},{"start":{},"end":{}}],"line":21},"14":{"loc":{"start":{"line":21,"column":40},"end":{"line":21,"column":141}},"type":"if","locations":[{"start":{"line":21,"column":40},"end":{"line":21,"column":141}},{"start":{},"end":{}}],"line":21},"15":{"loc":{"start":{"line":21,"column":44},"end":{"line":21,"column":107}},"type":"binary-expr","locations":[{"start":{"line":21,"column":44},"end":{"line":21,"column":59}},{"start":{"line":21,"column":63},"end":{"line":21,"column":107}}],"line":21},"16":{"loc":{"start":{"line":25,"column":16},"end":{"line":33,"column":1}},"type":"binary-expr","locations":[{"start":{"line":25,"column":17},"end":{"line":25,"column":21}},{"start":{"line":25,"column":25},"end":{"line":25,"column":39}},{"start":{"line":25,"column":44},"end":{"line":33,"column":1}}],"line":25},"17":{"loc":{"start":{"line":26,"column":35},"end":{"line":26,"column":109}},"type":"cond-expr","locations":[{"start":{"line":26,"column":56},"end":{"line":26,"column":61}},{"start":{"line":26,"column":64},"end":{"line":26,"column":109}}],"line":26},"18":{"loc":{"start":{"line":27,"column":16},"end":{"line":27,"column":34}},"type":"binary-expr","locations":[{"start":{"line":27,"column":16},"end":{"line":27,"column":17}},{"start":{"line":27,"column":22},"end":{"line":27,"column":33}}],"line":27},"19":{"loc":{"start":{"line":30,"column":32},"end":{"line":30,"column":115}},"type":"cond-expr","locations":[{"start":{"line":30,"column":46},"end":{"line":30,"column":67}},{"start":{"line":30,"column":70},"end":{"line":30,"column":115}}],"line":30},"20":{"loc":{"start":{"line":31,"column":51},"end":{"line":31,"column":67}},"type":"binary-expr","locations":[{"start":{"line":31,"column":51},"end":{"line":31,"column":61}},{"start":{"line":31,"column":65},"end":{"line":31,"column":67}}],"line":31},"21":{"loc":{"start":{"line":50,"column":12},"end":{"line":62,"column":13}},"type":"if","locations":[{"start":{"line":50,"column":12},"end":{"line":62,"column":13}},{"start":{},"end":{}}],"line":50},"22":{"loc":{"start":{"line":52,"column":24},"end":{"line":52,"column":55}},"type":"cond-expr","locations":[{"start":{"line":52,"column":43},"end":{"line":52,"column":48}},{"start":{"line":52,"column":51},"end":{"line":52,"column":55}}],"line":52},"23":{"loc":{"start":{"line":54,"column":24},"end":{"line":54,"column":55}},"type":"cond-expr","locations":[{"start":{"line":54,"column":43},"end":{"line":54,"column":48}},{"start":{"line":54,"column":51},"end":{"line":54,"column":55}}],"line":54},"24":{"loc":{"start":{"line":56,"column":25},"end":{"line":56,"column":58}},"type":"cond-expr","locations":[{"start":{"line":56,"column":45},"end":{"line":56,"column":51}},{"start":{"line":56,"column":54},"end":{"line":56,"column":58}}],"line":56},"25":{"loc":{"start":{"line":73,"column":22},"end":{"line":73,"column":72}},"type":"binary-expr","locations":[{"start":{"line":73,"column":22},"end":{"line":73,"column":64}},{"start":{"line":73,"column":68},"end":{"line":73,"column":72}}],"line":73}},"s":{"0":1,"1":0,"2":0,"3":0,"4":0,"5":0,"6":0,"7":0,"8":0,"9":0,"10":0,"11":1,"12":0,"13":0,"14":1,"15":1,"16":1,"17":0,"18":0,"19":0,"20":0,"21":0,"22":0,"23":0,"24":1,"25":1,"26":0,"27":1,"28":1,"29":1,"30":0,"31":0,"32":0,"33":0,"34":2,"35":1,"36":1,"37":1,"38":1,"39":1,"40":1,"41":0,"42":0,"43":0,"44":0,"45":0,"46":0,"47":0,"48":0,"49":0,"50":0,"51":0,"52":0,"53":0,"54":0,"55":0,"56":0,"57":0,"58":0,"59":0,"60":0,"61":0,"62":1,"63":1,"64":1,"65":1,"66":1,"67":1,"68":1,"69":1,"70":1,"71":1,"72":1,"73":1},"f":{"0":0,"1":0,"2":0,"3":0,"4":0,"5":1,"6":1,"7":1,"8":0,"9":1,"10":1,"11":0,"12":2,"13":0,"14":0,"15":0,"16":0,"17":1,"18":1},"b":{"0":[1,1,1],"1":[1,0],"2":[0,0],"3":[0,0],"4":[0,0],"5":[0,0],"6":[0,0],"7":[0,0],"8":[1,1,1],"9":[1,0],"10":[1,1,1],"11":[1,0],"12":[1,1],"13":[0,0],"14":[0,0],"15":[0,0],"16":[1,1,1],"17":[1,0],"18":[1,1],"19":[1,1],"20":[1,1],"21":[0,0],"22":[0,0],"23":[0,0],"24":[0,0],"25":[1,0]},"_coverageSchema":"1a1c01bbd47fc00a2c39e90264f33305004495a9","hash":"8f5b3f831b88f05b1e0d3f3f99d1d43d6c23ae79"}
,"/Users/kevindowning/Projects/school/compsci-320/CS320-project/scrapper/src/scrappers/rate-my-professor.ts": {"path":"/Users/kevindowning/Projects/school/compsci-320/CS320-project/scrapper/src/scrappers/rate-my-professor.ts","statementMap":{"0":{"start":{"line":2,"column":16},"end":{"line":10,"column":1}},"1":{"start":{"line":3,"column":28},"end":{"line":3,"column":110}},"2":{"start":{"line":3,"column":91},"end":{"line":3,"column":106}},"3":{"start":{"line":4,"column":4},"end":{"line":9,"column":7}},"4":{"start":{"line":5,"column":36},"end":{"line":5,"column":97}},"5":{"start":{"line":5,"column":42},"end":{"line":5,"column":70}},"6":{"start":{"line":5,"column":85},"end":{"line":5,"column":95}},"7":{"start":{"line":6,"column":35},"end":{"line":6,"column":100}},"8":{"start":{"line":6,"column":41},"end":{"line":6,"column":73}},"9":{"start":{"line":6,"column":88},"end":{"line":6,"column":98}},"10":{"start":{"line":7,"column":32},"end":{"line":7,"column":116}},"11":{"start":{"line":8,"column":8},"end":{"line":8,"column":78}},"12":{"start":{"line":11,"column":22},"end":{"line":13,"column":1}},"13":{"start":{"line":12,"column":4},"end":{"line":12,"column":62}},"14":{"start":{"line":14,"column":0},"end":{"line":14,"column":62}},"15":{"start":{"line":15,"column":0},"end":{"line":15,"column":36}},"16":{"start":{"line":16,"column":29},"end":{"line":16,"column":87}},"17":{"start":{"line":17,"column":17},"end":{"line":17,"column":35}},"18":{"start":{"line":19,"column":4},"end":{"line":37,"column":7}},"19":{"start":{"line":20,"column":25},"end":{"line":20,"column":89}},"20":{"start":{"line":21,"column":8},"end":{"line":31,"column":9}},"21":{"start":{"line":22,"column":28},"end":{"line":22,"column":79}},"22":{"start":{"line":23,"column":12},"end":{"line":30,"column":13}},"23":{"start":{"line":24,"column":29},"end":{"line":28,"column":17}},"24":{"start":{"line":29,"column":16},"end":{"line":29,"column":28}},"25":{"start":{"line":32,"column":8},"end":{"line":36,"column":10}},"26":{"start":{"line":39,"column":0},"end":{"line":39,"column":48}}},"fnMap":{"0":{"name":"(anonymous_0)","decl":{"start":{"line":2,"column":44},"end":{"line":2,"column":45}},"loc":{"start":{"line":2,"column":89},"end":{"line":10,"column":1}},"line":2},"1":{"name":"adopt","decl":{"start":{"line":3,"column":13},"end":{"line":3,"column":18}},"loc":{"start":{"line":3,"column":26},"end":{"line":3,"column":112}},"line":3},"2":{"name":"(anonymous_2)","decl":{"start":{"line":3,"column":70},"end":{"line":3,"column":71}},"loc":{"start":{"line":3,"column":89},"end":{"line":3,"column":108}},"line":3},"3":{"name":"(anonymous_3)","decl":{"start":{"line":4,"column":36},"end":{"line":4,"column":37}},"loc":{"start":{"line":4,"column":63},"end":{"line":9,"column":5}},"line":4},"4":{"name":"fulfilled","decl":{"start":{"line":5,"column":17},"end":{"line":5,"column":26}},"loc":{"start":{"line":5,"column":34},"end":{"line":5,"column":99}},"line":5},"5":{"name":"rejected","decl":{"start":{"line":6,"column":17},"end":{"line":6,"column":25}},"loc":{"start":{"line":6,"column":33},"end":{"line":6,"column":102}},"line":6},"6":{"name":"step","decl":{"start":{"line":7,"column":17},"end":{"line":7,"column":21}},"loc":{"start":{"line":7,"column":30},"end":{"line":7,"column":118}},"line":7},"7":{"name":"(anonymous_7)","decl":{"start":{"line":11,"column":56},"end":{"line":11,"column":57}},"loc":{"start":{"line":11,"column":71},"end":{"line":13,"column":1}},"line":11},"8":{"name":"getProfessorRating","decl":{"start":{"line":18,"column":9},"end":{"line":18,"column":27}},"loc":{"start":{"line":18,"column":34},"end":{"line":38,"column":1}},"line":18},"9":{"name":"(anonymous_9)","decl":{"start":{"line":19,"column":43},"end":{"line":19,"column":44}},"loc":{"start":{"line":19,"column":56},"end":{"line":37,"column":5}},"line":19}},"branchMap":{"0":{"loc":{"start":{"line":2,"column":16},"end":{"line":10,"column":1}},"type":"binary-expr","locations":[{"start":{"line":2,"column":17},"end":{"line":2,"column":21}},{"start":{"line":2,"column":25},"end":{"line":2,"column":39}},{"start":{"line":2,"column":44},"end":{"line":10,"column":1}}],"line":2},"1":{"loc":{"start":{"line":3,"column":35},"end":{"line":3,"column":109}},"type":"cond-expr","locations":[{"start":{"line":3,"column":56},"end":{"line":3,"column":61}},{"start":{"line":3,"column":64},"end":{"line":3,"column":109}}],"line":3},"2":{"loc":{"start":{"line":4,"column":16},"end":{"line":4,"column":34}},"type":"binary-expr","locations":[{"start":{"line":4,"column":16},"end":{"line":4,"column":17}},{"start":{"line":4,"column":22},"end":{"line":4,"column":33}}],"line":4},"3":{"loc":{"start":{"line":7,"column":32},"end":{"line":7,"column":115}},"type":"cond-expr","locations":[{"start":{"line":7,"column":46},"end":{"line":7,"column":67}},{"start":{"line":7,"column":70},"end":{"line":7,"column":115}}],"line":7},"4":{"loc":{"start":{"line":8,"column":51},"end":{"line":8,"column":67}},"type":"binary-expr","locations":[{"start":{"line":8,"column":51},"end":{"line":8,"column":61}},{"start":{"line":8,"column":65},"end":{"line":8,"column":67}}],"line":8},"5":{"loc":{"start":{"line":11,"column":22},"end":{"line":13,"column":1}},"type":"binary-expr","locations":[{"start":{"line":11,"column":23},"end":{"line":11,"column":27}},{"start":{"line":11,"column":31},"end":{"line":11,"column":51}},{"start":{"line":11,"column":56},"end":{"line":13,"column":1}}],"line":11},"6":{"loc":{"start":{"line":12,"column":11},"end":{"line":12,"column":61}},"type":"cond-expr","locations":[{"start":{"line":12,"column":37},"end":{"line":12,"column":40}},{"start":{"line":12,"column":43},"end":{"line":12,"column":61}}],"line":12},"7":{"loc":{"start":{"line":12,"column":12},"end":{"line":12,"column":33}},"type":"binary-expr","locations":[{"start":{"line":12,"column":12},"end":{"line":12,"column":15}},{"start":{"line":12,"column":19},"end":{"line":12,"column":33}}],"line":12},"8":{"loc":{"start":{"line":23,"column":12},"end":{"line":30,"column":13}},"type":"if","locations":[{"start":{"line":23,"column":12},"end":{"line":30,"column":13}},{"start":{},"end":{}}],"line":23}},"s":{"0":1,"1":0,"2":0,"3":0,"4":0,"5":0,"6":0,"7":0,"8":0,"9":0,"10":0,"11":0,"12":1,"13":1,"14":1,"15":1,"16":1,"17":1,"18":0,"19":0,"20":0,"21":0,"22":0,"23":0,"24":0,"25":0,"26":1},"f":{"0":0,"1":0,"2":0,"3":0,"4":0,"5":0,"6":0,"7":1,"8":0,"9":0},"b":{"0":[1,1,1],"1":[0,0],"2":[0,0],"3":[0,0],"4":[0,0],"5":[1,1,1],"6":[1,0],"7":[1,1],"8":[0,0]},"_coverageSchema":"1a1c01bbd47fc00a2c39e90264f33305004495a9","hash":"8ed2219ae5f484fc3b0fe085dd9f6c9f49f307f2"}
,"/Users/kevindowning/Projects/school/compsci-320/CS320-project/scrapper/src/scrappers/schedule-scrapper.ts": {"path":"/Users/kevindowning/Projects/school/compsci-320/CS320-project/scrapper/src/scrappers/schedule-scrapper.ts","statementMap":{"0":{"start":{"line":2,"column":22},"end":{"line":12,"column":3}},"1":{"start":{"line":3,"column":4},"end":{"line":3,"column":33}},"2":{"start":{"line":3,"column":26},"end":{"line":3,"column":33}},"3":{"start":{"line":4,"column":15},"end":{"line":4,"column":52}},"4":{"start":{"line":5,"column":4},"end":{"line":7,"column":5}},"5":{"start":{"line":6,"column":6},"end":{"line":6,"column":68}},"6":{"start":{"line":6,"column":51},"end":{"line":6,"column":63}},"7":{"start":{"line":8,"column":4},"end":{"line":8,"column":39}},"8":{"start":{"line":10,"column":4},"end":{"line":10,"column":33}},"9":{"start":{"line":10,"column":26},"end":{"line":10,"column":33}},"10":{"start":{"line":11,"column":4},"end":{"line":11,"column":17}},"11":{"start":{"line":13,"column":25},"end":{"line":17,"column":2}},"12":{"start":{"line":14,"column":4},"end":{"line":14,"column":72}},"13":{"start":{"line":16,"column":4},"end":{"line":16,"column":21}},"14":{"start":{"line":18,"column":19},"end":{"line":24,"column":1}},"15":{"start":{"line":19,"column":4},"end":{"line":19,"column":42}},"16":{"start":{"line":19,"column":31},"end":{"line":19,"column":42}},"17":{"start":{"line":20,"column":17},"end":{"line":20,"column":19}},"18":{"start":{"line":21,"column":4},"end":{"line":21,"column":141}},"19":{"start":{"line":21,"column":21},"end":{"line":21,"column":141}},"20":{"start":{"line":21,"column":40},"end":{"line":21,"column":141}},"21":{"start":{"line":21,"column":109},"end":{"line":21,"column":141}},"22":{"start":{"line":22,"column":4},"end":{"line":22,"column":36}},"23":{"start":{"line":23,"column":4},"end":{"line":23,"column":18}},"24":{"start":{"line":25,"column":16},"end":{"line":33,"column":1}},"25":{"start":{"line":26,"column":28},"end":{"line":26,"column":110}},"26":{"start":{"line":26,"column":91},"end":{"line":26,"column":106}},"27":{"start":{"line":27,"column":4},"end":{"line":32,"column":7}},"28":{"start":{"line":28,"column":36},"end":{"line":28,"column":97}},"29":{"start":{"line":28,"column":42},"end":{"line":28,"column":70}},"30":{"start":{"line":28,"column":85},"end":{"line":28,"column":95}},"31":{"start":{"line":29,"column":35},"end":{"line":29,"column":100}},"32":{"start":{"line":29,"column":41},"end":{"line":29,"column":73}},"33":{"start":{"line":29,"column":88},"end":{"line":29,"column":98}},"34":{"start":{"line":30,"column":32},"end":{"line":30,"column":116}},"35":{"start":{"line":31,"column":8},"end":{"line":31,"column":78}},"36":{"start":{"line":34,"column":0},"end":{"line":34,"column":62}},"37":{"start":{"line":35,"column":0},"end":{"line":35,"column":35}},"38":{"start":{"line":36,"column":17},"end":{"line":36,"column":37}},"39":{"start":{"line":37,"column":15},"end":{"line":37,"column":33}},"40":{"start":{"line":38,"column":16},"end":{"line":38,"column":48}},"41":{"start":{"line":40,"column":4},"end":{"line":104,"column":7}},"42":{"start":{"line":41,"column":21},"end":{"line":41,"column":196}},"43":{"start":{"line":42,"column":18},"end":{"line":42,"column":36}},"44":{"start":{"line":43,"column":22},"end":{"line":43,"column":24}},"45":{"start":{"line":44,"column":23},"end":{"line":44,"column":25}},"46":{"start":{"line":45,"column":21},"end":{"line":45,"column":25}},"47":{"start":{"line":46,"column":8},"end":{"line":100,"column":11}},"48":{"start":{"line":48,"column":29},"end":{"line":48,"column":60}},"49":{"start":{"line":49,"column":27},"end":{"line":49,"column":80}},"50":{"start":{"line":50,"column":12},"end":{"line":52,"column":13}},"51":{"start":{"line":51,"column":16},"end":{"line":51,"column":31}},"52":{"start":{"line":53,"column":27},"end":{"line":55,"column":15}},"53":{"start":{"line":54,"column":16},"end":{"line":54,"column":41}},"54":{"start":{"line":56,"column":12},"end":{"line":99,"column":13}},"55":{"start":{"line":57,"column":16},"end":{"line":98,"column":17}},"56":{"start":{"line":58,"column":34},"end":{"line":58,"column":54}},"57":{"start":{"line":59,"column":35},"end":{"line":68,"column":21}},"58":{"start":{"line":69,"column":20},"end":{"line":69,"column":41}},"59":{"start":{"line":72,"column":33},"end":{"line":72,"column":42}},"60":{"start":{"line":73,"column":31},"end":{"line":73,"column":74}},"61":{"start":{"line":74,"column":37},"end":{"line":74,"column":185}},"62":{"start":{"line":74,"column":128},"end":{"line":74,"column":147}},"63":{"start":{"line":75,"column":33},"end":{"line":77,"column":23}},"64":{"start":{"line":76,"column":24},"end":{"line":76,"column":48}},"65":{"start":{"line":78,"column":37},"end":{"line":78,"column":46}},"66":{"start":{"line":79,"column":39},"end":{"line":79,"column":136}},"67":{"start":{"line":79,"column":87},"end":{"line":79,"column":109}},"68":{"start":{"line":79,"column":123},"end":{"line":79,"column":135}},"69":{"start":{"line":80,"column":34},"end":{"line":80,"column":114}},"70":{"start":{"line":81,"column":34},"end":{"line":81,"column":88}},"71":{"start":{"line":82,"column":32},"end":{"line":82,"column":86}},"72":{"start":{"line":83,"column":41},"end":{"line":83,"column":256}},"73":{"start":{"line":83,"column":75},"end":{"line":83,"column":253}},"74":{"start":{"line":83,"column":119},"end":{"line":83,"column":156}},"75":{"start":{"line":84,"column":20},"end":{"line":84,"column":136}},"76":{"start":{"line":85,"column":36},"end":{"line":96,"column":21}},"77":{"start":{"line":97,"column":20},"end":{"line":97,"column":43}},"78":{"start":{"line":101,"column":8},"end":{"line":103,"column":10}},"79":{"start":{"line":106,"column":0},"end":{"line":106,"column":46}}},"fnMap":{"0":{"name":"(anonymous_0)","decl":{"start":{"line":2,"column":74},"end":{"line":2,"column":75}},"loc":{"start":{"line":2,"column":96},"end":{"line":9,"column":1}},"line":2},"1":{"name":"(anonymous_1)","decl":{"start":{"line":6,"column":38},"end":{"line":6,"column":39}},"loc":{"start":{"line":6,"column":49},"end":{"line":6,"column":65}},"line":6},"2":{"name":"(anonymous_2)","decl":{"start":{"line":9,"column":6},"end":{"line":9,"column":7}},"loc":{"start":{"line":9,"column":28},"end":{"line":12,"column":1}},"line":9},"3":{"name":"(anonymous_3)","decl":{"start":{"line":13,"column":80},"end":{"line":13,"column":81}},"loc":{"start":{"line":13,"column":95},"end":{"line":15,"column":1}},"line":13},"4":{"name":"(anonymous_4)","decl":{"start":{"line":15,"column":5},"end":{"line":15,"column":6}},"loc":{"start":{"line":15,"column":20},"end":{"line":17,"column":1}},"line":15},"5":{"name":"(anonymous_5)","decl":{"start":{"line":18,"column":50},"end":{"line":18,"column":51}},"loc":{"start":{"line":18,"column":65},"end":{"line":24,"column":1}},"line":18},"6":{"name":"(anonymous_6)","decl":{"start":{"line":25,"column":44},"end":{"line":25,"column":45}},"loc":{"start":{"line":25,"column":89},"end":{"line":33,"column":1}},"line":25},"7":{"name":"adopt","decl":{"start":{"line":26,"column":13},"end":{"line":26,"column":18}},"loc":{"start":{"line":26,"column":26},"end":{"line":26,"column":112}},"line":26},"8":{"name":"(anonymous_8)","decl":{"start":{"line":26,"column":70},"end":{"line":26,"column":71}},"loc":{"start":{"line":26,"column":89},"end":{"line":26,"column":108}},"line":26},"9":{"name":"(anonymous_9)","decl":{"start":{"line":27,"column":36},"end":{"line":27,"column":37}},"loc":{"start":{"line":27,"column":63},"end":{"line":32,"column":5}},"line":27},"10":{"name":"fulfilled","decl":{"start":{"line":28,"column":17},"end":{"line":28,"column":26}},"loc":{"start":{"line":28,"column":34},"end":{"line":28,"column":99}},"line":28},"11":{"name":"rejected","decl":{"start":{"line":29,"column":17},"end":{"line":29,"column":25}},"loc":{"start":{"line":29,"column":33},"end":{"line":29,"column":102}},"line":29},"12":{"name":"step","decl":{"start":{"line":30,"column":17},"end":{"line":30,"column":21}},"loc":{"start":{"line":30,"column":30},"end":{"line":30,"column":118}},"line":30},"13":{"name":"fetchCICSSchedule","decl":{"start":{"line":39,"column":9},"end":{"line":39,"column":26}},"loc":{"start":{"line":39,"column":57},"end":{"line":105,"column":1}},"line":39},"14":{"name":"(anonymous_14)","decl":{"start":{"line":40,"column":43},"end":{"line":40,"column":44}},"loc":{"start":{"line":40,"column":56},"end":{"line":104,"column":5}},"line":40},"15":{"name":"(anonymous_15)","decl":{"start":{"line":46,"column":20},"end":{"line":46,"column":21}},"loc":{"start":{"line":46,"column":36},"end":{"line":100,"column":9}},"line":46},"16":{"name":"(anonymous_16)","decl":{"start":{"line":53,"column":64},"end":{"line":53,"column":65}},"loc":{"start":{"line":53,"column":80},"end":{"line":55,"column":13}},"line":53},"17":{"name":"(anonymous_17)","decl":{"start":{"line":74,"column":121},"end":{"line":74,"column":122}},"loc":{"start":{"line":74,"column":128},"end":{"line":74,"column":147}},"line":74},"18":{"name":"(anonymous_18)","decl":{"start":{"line":75,"column":93},"end":{"line":75,"column":94}},"loc":{"start":{"line":75,"column":98},"end":{"line":77,"column":21}},"line":75},"19":{"name":"(anonymous_19)","decl":{"start":{"line":79,"column":82},"end":{"line":79,"column":83}},"loc":{"start":{"line":79,"column":87},"end":{"line":79,"column":109}},"line":79},"20":{"name":"(anonymous_20)","decl":{"start":{"line":79,"column":118},"end":{"line":79,"column":119}},"loc":{"start":{"line":79,"column":123},"end":{"line":79,"column":135}},"line":79},"21":{"name":"(anonymous_21)","decl":{"start":{"line":83,"column":56},"end":{"line":83,"column":57}},"loc":{"start":{"line":83,"column":61},"end":{"line":83,"column":255}},"line":83},"22":{"name":"(anonymous_22)","decl":{"start":{"line":83,"column":114},"end":{"line":83,"column":115}},"loc":{"start":{"line":83,"column":119},"end":{"line":83,"column":156}},"line":83}},"branchMap":{"0":{"loc":{"start":{"line":2,"column":22},"end":{"line":12,"column":3}},"type":"binary-expr","locations":[{"start":{"line":2,"column":23},"end":{"line":2,"column":27}},{"start":{"line":2,"column":31},"end":{"line":2,"column":51}},{"start":{"line":2,"column":57},"end":{"line":12,"column":2}}],"line":2},"1":{"loc":{"start":{"line":2,"column":57},"end":{"line":12,"column":2}},"type":"cond-expr","locations":[{"start":{"line":2,"column":74},"end":{"line":9,"column":1}},{"start":{"line":9,"column":6},"end":{"line":12,"column":1}}],"line":2},"2":{"loc":{"start":{"line":3,"column":4},"end":{"line":3,"column":33}},"type":"if","locations":[{"start":{"line":3,"column":4},"end":{"line":3,"column":33}},{"start":{},"end":{}}],"line":3},"3":{"loc":{"start":{"line":5,"column":4},"end":{"line":7,"column":5}},"type":"if","locations":[{"start":{"line":5,"column":4},"end":{"line":7,"column":5}},{"start":{},"end":{}}],"line":5},"4":{"loc":{"start":{"line":5,"column":8},"end":{"line":5,"column":85}},"type":"binary-expr","locations":[{"start":{"line":5,"column":8},"end":{"line":5,"column":13}},{"start":{"line":5,"column":18},"end":{"line":5,"column":84}}],"line":5},"5":{"loc":{"start":{"line":5,"column":18},"end":{"line":5,"column":84}},"type":"cond-expr","locations":[{"start":{"line":5,"column":34},"end":{"line":5,"column":47}},{"start":{"line":5,"column":50},"end":{"line":5,"column":84}}],"line":5},"6":{"loc":{"start":{"line":5,"column":50},"end":{"line":5,"column":84}},"type":"binary-expr","locations":[{"start":{"line":5,"column":50},"end":{"line":5,"column":63}},{"start":{"line":5,"column":67},"end":{"line":5,"column":84}}],"line":5},"7":{"loc":{"start":{"line":10,"column":4},"end":{"line":10,"column":33}},"type":"if","locations":[{"start":{"line":10,"column":4},"end":{"line":10,"column":33}},{"start":{},"end":{}}],"line":10},"8":{"loc":{"start":{"line":13,"column":25},"end":{"line":17,"column":2}},"type":"binary-expr","locations":[{"start":{"line":13,"column":26},"end":{"line":13,"column":30}},{"start":{"line":13,"column":34},"end":{"line":13,"column":57}},{"start":{"line":13,"column":63},"end":{"line":17,"column":1}}],"line":13},"9":{"loc":{"start":{"line":13,"column":63},"end":{"line":17,"column":1}},"type":"cond-expr","locations":[{"start":{"line":13,"column":80},"end":{"line":15,"column":1}},{"start":{"line":15,"column":5},"end":{"line":17,"column":1}}],"line":13},"10":{"loc":{"start":{"line":18,"column":19},"end":{"line":24,"column":1}},"type":"binary-expr","locations":[{"start":{"line":18,"column":20},"end":{"line":18,"column":24}},{"start":{"line":18,"column":28},"end":{"line":18,"column":45}},{"start":{"line":18,"column":50},"end":{"line":24,"column":1}}],"line":18},"11":{"loc":{"start":{"line":19,"column":4},"end":{"line":19,"column":42}},"type":"if","locations":[{"start":{"line":19,"column":4},"end":{"line":19,"column":42}},{"start":{},"end":{}}],"line":19},"12":{"loc":{"start":{"line":19,"column":8},"end":{"line":19,"column":29}},"type":"binary-expr","locations":[{"start":{"line":19,"column":8},"end":{"line":19,"column":11}},{"start":{"line":19,"column":15},"end":{"line":19,"column":29}}],"line":19},"13":{"loc":{"start":{"line":21,"column":4},"end":{"line":21,"column":141}},"type":"if","locations":[{"start":{"line":21,"column":4},"end":{"line":21,"column":141}},{"start":{},"end":{}}],"line":21},"14":{"loc":{"start":{"line":21,"column":40},"end":{"line":21,"column":141}},"type":"if","locations":[{"start":{"line":21,"column":40},"end":{"line":21,"column":141}},{"start":{},"end":{}}],"line":21},"15":{"loc":{"start":{"line":21,"column":44},"end":{"line":21,"column":107}},"type":"binary-expr","locations":[{"start":{"line":21,"column":44},"end":{"line":21,"column":59}},{"start":{"line":21,"column":63},"end":{"line":21,"column":107}}],"line":21},"16":{"loc":{"start":{"line":25,"column":16},"end":{"line":33,"column":1}},"type":"binary-expr","locations":[{"start":{"line":25,"column":17},"end":{"line":25,"column":21}},{"start":{"line":25,"column":25},"end":{"line":25,"column":39}},{"start":{"line":25,"column":44},"end":{"line":33,"column":1}}],"line":25},"17":{"loc":{"start":{"line":26,"column":35},"end":{"line":26,"column":109}},"type":"cond-expr","locations":[{"start":{"line":26,"column":56},"end":{"line":26,"column":61}},{"start":{"line":26,"column":64},"end":{"line":26,"column":109}}],"line":26},"18":{"loc":{"start":{"line":27,"column":16},"end":{"line":27,"column":34}},"type":"binary-expr","locations":[{"start":{"line":27,"column":16},"end":{"line":27,"column":17}},{"start":{"line":27,"column":22},"end":{"line":27,"column":33}}],"line":27},"19":{"loc":{"start":{"line":30,"column":32},"end":{"line":30,"column":115}},"type":"cond-expr","locations":[{"start":{"line":30,"column":46},"end":{"line":30,"column":67}},{"start":{"line":30,"column":70},"end":{"line":30,"column":115}}],"line":30},"20":{"loc":{"start":{"line":31,"column":51},"end":{"line":31,"column":67}},"type":"binary-expr","locations":[{"start":{"line":31,"column":51},"end":{"line":31,"column":61}},{"start":{"line":31,"column":65},"end":{"line":31,"column":67}}],"line":31},"21":{"loc":{"start":{"line":50,"column":12},"end":{"line":52,"column":13}},"type":"if","locations":[{"start":{"line":50,"column":12},"end":{"line":52,"column":13}},{"start":{},"end":{}}],"line":50},"22":{"loc":{"start":{"line":56,"column":12},"end":{"line":99,"column":13}},"type":"if","locations":[{"start":{"line":56,"column":12},"end":{"line":99,"column":13}},{"start":{},"end":{}}],"line":56},"23":{"loc":{"start":{"line":56,"column":16},"end":{"line":56,"column":43}},"type":"binary-expr","locations":[{"start":{"line":56,"column":16},"end":{"line":56,"column":33}},{"start":{"line":56,"column":37},"end":{"line":56,"column":43}}],"line":56},"24":{"loc":{"start":{"line":57,"column":16},"end":{"line":98,"column":17}},"type":"if","locations":[{"start":{"line":57,"column":16},"end":{"line":98,"column":17}},{"start":{"line":71,"column":21},"end":{"line":98,"column":17}}],"line":57},"25":{"loc":{"start":{"line":74,"column":37},"end":{"line":74,"column":185}},"type":"cond-expr","locations":[{"start":{"line":74,"column":178},"end":{"line":74,"column":180}},{"start":{"line":74,"column":183},"end":{"line":74,"column":185}}],"line":74},"26":{"loc":{"start":{"line":74,"column":37},"end":{"line":74,"column":175}},"type":"binary-expr","locations":[{"start":{"line":74,"column":37},"end":{"line":74,"column":158}},{"start":{"line":74,"column":162},"end":{"line":74,"column":175}}],"line":74},"27":{"loc":{"start":{"line":74,"column":43},"end":{"line":74,"column":148}},"type":"cond-expr","locations":[{"start":{"line":74,"column":105},"end":{"line":74,"column":111}},{"start":{"line":74,"column":114},"end":{"line":74,"column":148}}],"line":74},"28":{"loc":{"start":{"line":74,"column":43},"end":{"line":74,"column":102}},"type":"binary-expr","locations":[{"start":{"line":74,"column":43},"end":{"line":74,"column":85}},{"start":{"line":74,"column":89},"end":{"line":74,"column":102}}],"line":74},"29":{"loc":{"start":{"line":80,"column":34},"end":{"line":80,"column":114}},"type":"cond-expr","locations":[{"start":{"line":80,"column":87},"end":{"line":80,"column":91}},{"start":{"line":80,"column":94},"end":{"line":80,"column":114}}],"line":80},"30":{"loc":{"start":{"line":80,"column":34},"end":{"line":80,"column":84}},"type":"binary-expr","locations":[{"start":{"line":80,"column":34},"end":{"line":80,"column":58}},{"start":{"line":80,"column":62},"end":{"line":80,"column":84}}],"line":80},"31":{"loc":{"start":{"line":81,"column":34},"end":{"line":81,"column":88}},"type":"cond-expr","locations":[{"start":{"line":81,"column":42},"end":{"line":81,"column":81}},{"start":{"line":81,"column":84},"end":{"line":81,"column":88}}],"line":81},"32":{"loc":{"start":{"line":82,"column":32},"end":{"line":82,"column":86}},"type":"cond-expr","locations":[{"start":{"line":82,"column":40},"end":{"line":82,"column":79}},{"start":{"line":82,"column":82},"end":{"line":82,"column":86}}],"line":82},"33":{"loc":{"start":{"line":83,"column":82},"end":{"line":83,"column":252}},"type":"cond-expr","locations":[{"start":{"line":83,"column":232},"end":{"line":83,"column":234}},{"start":{"line":83,"column":237},"end":{"line":83,"column":252}}],"line":83},"34":{"loc":{"start":{"line":83,"column":82},"end":{"line":83,"column":229}},"type":"binary-expr","locations":[{"start":{"line":83,"column":82},"end":{"line":83,"column":212}},{"start":{"line":83,"column":216},"end":{"line":83,"column":229}}],"line":83},"35":{"loc":{"start":{"line":83,"column":88},"end":{"line":83,"column":202}},"type":"cond-expr","locations":[{"start":{"line":83,"column":187},"end":{"line":83,"column":193}},{"start":{"line":83,"column":196},"end":{"line":83,"column":202}}],"line":83},"36":{"loc":{"start":{"line":83,"column":88},"end":{"line":83,"column":184}},"type":"binary-expr","locations":[{"start":{"line":83,"column":88},"end":{"line":83,"column":167}},{"start":{"line":83,"column":171},"end":{"line":83,"column":184}}],"line":83}},"s":{"0":1,"1":0,"2":0,"3":0,"4":0,"5":0,"6":0,"7":0,"8":0,"9":0,"10":0,"11":1,"12":0,"13":0,"14":1,"15":1,"16":1,"17":0,"18":0,"19":0,"20":0,"21":0,"22":0,"23":0,"24":1,"25":1,"26":0,"27":1,"28":1,"29":1,"30":0,"31":0,"32":0,"33":0,"34":2,"35":1,"36":1,"37":1,"38":1,"39":1,"40":1,"41":1,"42":1,"43":1,"44":1,"45":1,"46":1,"47":1,"48":318,"49":318,"50":318,"51":1,"52":318,"53":1550,"54":318,"55":301,"56":79,"57":79,"58":79,"59":222,"60":222,"61":222,"62":310,"63":222,"64":444,"65":222,"66":222,"67":240,"68":240,"69":222,"70":222,"71":222,"72":222,"73":159,"74":0,"75":222,"76":222,"77":222,"78":1,"79":1},"f":{"0":0,"1":0,"2":0,"3":0,"4":0,"5":1,"6":1,"7":1,"8":0,"9":1,"10":1,"11":0,"12":2,"13":1,"14":1,"15":318,"16":1550,"17":310,"18":444,"19":240,"20":240,"21":159,"22":0},"b":{"0":[1,1,1],"1":[1,0],"2":[0,0],"3":[0,0],"4":[0,0],"5":[0,0],"6":[0,0],"7":[0,0],"8":[1,1,1],"9":[1,0],"10":[1,1,1],"11":[1,0],"12":[1,1],"13":[0,0],"14":[0,0],"15":[0,0],"16":[1,1,1],"17":[1,0],"18":[1,1],"19":[1,1],"20":[1,1],"21":[1,317],"22":[301,17],"23":[318,315],"24":[79,222],"25":[205,17],"26":[222,222],"27":[17,205],"28":[222,205],"29":[17,205],"30":[222,214],"31":[205,17],"32":[205,17],"33":[0,159],"34":[159,159],"35":[159,0],"36":[159,159]},"_coverageSchema":"1a1c01bbd47fc00a2c39e90264f33305004495a9","hash":"67f07235ad88bc285a015950848aed1d3edf4c85"}
}
