TN:
SF:src/models.ts
FN:5,(anonymous_0)
FN:14,(anonymous_1)
FNF:2
FNH:2
FNDA:1,(anonymous_0)
FNDA:1,(anonymous_1)
DA:2,1
DA:3,1
DA:5,1
DA:6,1
DA:7,1
DA:8,1
DA:9,1
DA:10,1
DA:11,1
DA:14,1
DA:15,1
DA:16,1
DA:17,1
DA:18,1
LF:14
LH:14
BRDA:12,0,0,1
BRDA:12,0,1,1
BRDA:19,1,0,1
BRDA:19,1,1,1
BRF:4
BRH:4
end_of_record
TN:
SF:src/util.ts
FN:2,(anonymous_0)
FN:3,adopt
FN:3,(anonymous_2)
FN:4,(anonymous_3)
FN:5,fulfilled
FN:6,rejected
FN:7,step
FN:11,(anonymous_7)
FN:18,(anonymous_8)
FN:37,getSeasonName
FN:50,fetchCICSPage
FN:51,(anonymous_11)
FN:63,multiIncludes
FN:72,multisplit
FN:76,(anonymous_14)
FNF:15
FNH:10
FNDA:2,(anonymous_0)
FNDA:2,adopt
FNDA:0,(anonymous_2)
FNDA:2,(anonymous_3)
FNDA:2,fulfilled
FNDA:0,rejected
FNDA:4,step
FNDA:1,(anonymous_7)
FNDA:410,(anonymous_8)
FNDA:1,getSeasonName
FNDA:2,fetchCICSPage
FNDA:2,(anonymous_11)
FNDA:0,multiIncludes
FNDA:0,multisplit
FNDA:0,(anonymous_14)
DA:2,1
DA:3,2
DA:4,2
DA:5,2
DA:6,0
DA:7,4
DA:8,2
DA:11,1
DA:12,1
DA:14,1
DA:15,1
DA:16,1
DA:17,1
DA:18,1
DA:19,410
DA:20,410
DA:21,410
DA:22,51
DA:24,410
DA:25,279
DA:27,410
DA:29,1
DA:30,1
DA:34,1
DA:38,1
DA:40,0
DA:42,1
DA:44,0
DA:46,0
DA:49,1
DA:51,2
DA:52,2
DA:53,2
DA:54,2
DA:55,2
DA:58,0
DA:62,1
DA:64,0
DA:65,0
DA:66,0
DA:69,0
DA:71,1
DA:73,0
DA:74,0
DA:75,0
DA:76,0
DA:78,0
DA:80,0
DA:82,1
LF:49
LH:34
BRDA:2,0,0,1
BRDA:2,0,1,1
BRDA:2,0,2,1
BRDA:3,1,0,2
BRDA:3,1,1,0
BRDA:4,2,0,2
BRDA:4,2,1,2
BRDA:7,3,0,2
BRDA:7,3,1,2
BRDA:8,4,0,2
BRDA:8,4,1,2
BRDA:11,5,0,1
BRDA:11,5,1,1
BRDA:11,5,2,1
BRDA:12,6,0,0
BRDA:12,6,1,1
BRDA:12,7,0,1
BRDA:12,7,1,1
BRDA:21,8,0,51
BRDA:21,8,1,359
BRDA:24,9,0,279
BRDA:24,9,1,131
BRDA:38,10,0,0
BRDA:38,10,1,1
BRDA:38,10,2,0
BRDA:38,10,3,0
BRDA:65,11,0,0
BRDA:65,11,1,0
BRDA:73,12,0,0
BRDA:73,12,1,0
BRF:30
BRH:21
end_of_record
TN:
SF:src/scrappers/professor-scrapper.ts
FN:2,(anonymous_0)
FN:6,(anonymous_1)
FN:9,(anonymous_2)
FN:13,(anonymous_3)
FN:15,(anonymous_4)
FN:18,(anonymous_5)
FN:25,(anonymous_6)
FN:26,adopt
FN:26,(anonymous_8)
FN:27,(anonymous_9)
FN:28,fulfilled
FN:29,rejected
FN:30,step
FN:39,fetchCICSSProfessors
FN:40,(anonymous_14)
FN:46,(anonymous_15)
FN:46,(anonymous_16)
FN:68,fetchCICSProfessor
FN:69,(anonymous_18)
FNF:19
FNH:8
FNDA:0,(anonymous_0)
FNDA:0,(anonymous_1)
FNDA:0,(anonymous_2)
FNDA:0,(anonymous_3)
FNDA:0,(anonymous_4)
FNDA:1,(anonymous_5)
FNDA:1,(anonymous_6)
FNDA:1,adopt
FNDA:0,(anonymous_8)
FNDA:1,(anonymous_9)
FNDA:1,fulfilled
FNDA:0,rejected
FNDA:2,step
FNDA:0,fetchCICSSProfessors
FNDA:0,(anonymous_14)
FNDA:0,(anonymous_15)
FNDA:0,(anonymous_16)
FNDA:1,fetchCICSProfessor
FNDA:1,(anonymous_18)
DA:2,1
DA:3,0
DA:4,0
DA:5,0
DA:6,0
DA:8,0
DA:10,0
DA:11,0
DA:13,1
DA:14,0
DA:16,0
DA:18,1
DA:19,1
DA:20,0
DA:21,0
DA:22,0
DA:23,0
DA:25,1
DA:26,1
DA:27,1
DA:28,1
DA:29,0
DA:30,2
DA:31,1
DA:34,1
DA:35,1
DA:36,1
DA:37,1
DA:38,1
DA:40,0
DA:41,0
DA:42,0
DA:43,0
DA:44,0
DA:45,0
DA:46,0
DA:47,0
DA:48,0
DA:49,0
DA:50,0
DA:51,0
DA:52,0
DA:53,0
DA:54,0
DA:55,0
DA:56,0
DA:57,0
DA:61,0
DA:64,0
DA:67,1
DA:69,1
DA:70,1
DA:71,1
DA:72,1
DA:73,1
DA:74,1
DA:75,1
DA:76,1
DA:77,1
DA:78,1
DA:88,1
LF:61
LH:27
BRDA:2,0,0,1
BRDA:2,0,1,1
BRDA:2,0,2,1
BRDA:2,1,0,1
BRDA:2,1,1,0
BRDA:3,2,0,0
BRDA:3,2,1,0
BRDA:5,3,0,0
BRDA:5,3,1,0
BRDA:5,4,0,0
BRDA:5,4,1,0
BRDA:5,5,0,0
BRDA:5,5,1,0
BRDA:5,6,0,0
BRDA:5,6,1,0
BRDA:10,7,0,0
BRDA:10,7,1,0
BRDA:13,8,0,1
BRDA:13,8,1,1
BRDA:13,8,2,1
BRDA:13,9,0,1
BRDA:13,9,1,0
BRDA:18,10,0,1
BRDA:18,10,1,1
BRDA:18,10,2,1
BRDA:19,11,0,1
BRDA:19,11,1,0
BRDA:19,12,0,1
BRDA:19,12,1,1
BRDA:21,13,0,0
BRDA:21,13,1,0
BRDA:21,14,0,0
BRDA:21,14,1,0
BRDA:21,15,0,0
BRDA:21,15,1,0
BRDA:25,16,0,1
BRDA:25,16,1,1
BRDA:25,16,2,1
BRDA:26,17,0,1
BRDA:26,17,1,0
BRDA:27,18,0,1
BRDA:27,18,1,1
BRDA:30,19,0,1
BRDA:30,19,1,1
BRDA:31,20,0,1
BRDA:31,20,1,1
BRDA:50,21,0,0
BRDA:50,21,1,0
BRDA:52,22,0,0
BRDA:52,22,1,0
BRDA:54,23,0,0
BRDA:54,23,1,0
BRDA:56,24,0,0
BRDA:56,24,1,0
BRDA:73,25,0,1
BRDA:73,25,1,0
BRF:56
BRH:25
end_of_record
TN:
SF:src/scrappers/rate-my-professor.ts
FN:2,(anonymous_0)
FN:3,adopt
FN:3,(anonymous_2)
FN:4,(anonymous_3)
FN:5,fulfilled
FN:6,rejected
FN:7,step
FN:11,(anonymous_7)
FN:18,getProfessorRating
FN:19,(anonymous_9)
FNF:10
FNH:1
FNDA:0,(anonymous_0)
FNDA:0,adopt
FNDA:0,(anonymous_2)
FNDA:0,(anonymous_3)
FNDA:0,fulfilled
FNDA:0,rejected
FNDA:0,step
FNDA:1,(anonymous_7)
FNDA:0,getProfessorRating
FNDA:0,(anonymous_9)
DA:2,1
DA:3,0
DA:4,0
DA:5,0
DA:6,0
DA:7,0
DA:8,0
DA:11,1
DA:12,1
DA:14,1
DA:15,1
DA:16,1
DA:17,1
DA:19,0
DA:20,0
DA:21,0
DA:22,0
DA:23,0
DA:24,0
DA:29,0
DA:32,0
DA:39,1
LF:22
LH:8
BRDA:2,0,0,1
BRDA:2,0,1,1
BRDA:2,0,2,1
BRDA:3,1,0,0
BRDA:3,1,1,0
BRDA:4,2,0,0
BRDA:4,2,1,0
BRDA:7,3,0,0
BRDA:7,3,1,0
BRDA:8,4,0,0
BRDA:8,4,1,0
BRDA:11,5,0,1
BRDA:11,5,1,1
BRDA:11,5,2,1
BRDA:12,6,0,1
BRDA:12,6,1,0
BRDA:12,7,0,1
BRDA:12,7,1,1
BRDA:23,8,0,0
BRDA:23,8,1,0
BRF:20
BRH:9
end_of_record
TN:
SF:src/scrappers/schedule-scrapper.ts
FN:2,(anonymous_0)
FN:6,(anonymous_1)
FN:9,(anonymous_2)
FN:13,(anonymous_3)
FN:15,(anonymous_4)
FN:18,(anonymous_5)
FN:25,(anonymous_6)
FN:26,adopt
FN:26,(anonymous_8)
FN:27,(anonymous_9)
FN:28,fulfilled
FN:29,rejected
FN:30,step
FN:39,fetchCICSSchedule
FN:40,(anonymous_14)
FN:46,(anonymous_15)
FN:53,(anonymous_16)
FN:74,(anonymous_17)
FN:75,(anonymous_18)
FN:79,(anonymous_19)
FN:79,(anonymous_20)
FN:83,(anonymous_21)
FN:83,(anonymous_22)
FNF:23
FNH:15
FNDA:0,(anonymous_0)
FNDA:0,(anonymous_1)
FNDA:0,(anonymous_2)
FNDA:0,(anonymous_3)
FNDA:0,(anonymous_4)
FNDA:1,(anonymous_5)
FNDA:1,(anonymous_6)
FNDA:1,adopt
FNDA:0,(anonymous_8)
FNDA:1,(anonymous_9)
FNDA:1,fulfilled
FNDA:0,rejected
FNDA:2,step
FNDA:1,fetchCICSSchedule
FNDA:1,(anonymous_14)
FNDA:318,(anonymous_15)
FNDA:1550,(anonymous_16)
FNDA:310,(anonymous_17)
FNDA:444,(anonymous_18)
FNDA:240,(anonymous_19)
FNDA:240,(anonymous_20)
FNDA:159,(anonymous_21)
FNDA:0,(anonymous_22)
DA:2,1
DA:3,0
DA:4,0
DA:5,0
DA:6,0
DA:8,0
DA:10,0
DA:11,0
DA:13,1
DA:14,0
DA:16,0
DA:18,1
DA:19,1
DA:20,0
DA:21,0
DA:22,0
DA:23,0
DA:25,1
DA:26,1
DA:27,1
DA:28,1
DA:29,0
DA:30,2
DA:31,1
DA:34,1
DA:35,1
DA:36,1
DA:37,1
DA:38,1
DA:40,1
DA:41,1
DA:42,1
DA:43,1
DA:44,1
DA:45,1
DA:46,1
DA:48,318
DA:49,318
DA:50,318
DA:51,1
DA:53,318
DA:54,1550
DA:56,318
DA:57,301
DA:58,79
DA:59,79
DA:69,79
DA:72,222
DA:73,222
DA:74,310
DA:75,222
DA:76,444
DA:78,222
DA:79,240
DA:80,222
DA:81,222
DA:82,222
DA:83,222
DA:84,222
DA:85,222
DA:97,222
DA:101,1
DA:106,1
LF:63
LH:49
BRDA:2,0,0,1
BRDA:2,0,1,1
BRDA:2,0,2,1
BRDA:2,1,0,1
BRDA:2,1,1,0
BRDA:3,2,0,0
BRDA:3,2,1,0
BRDA:5,3,0,0
BRDA:5,3,1,0
BRDA:5,4,0,0
BRDA:5,4,1,0
BRDA:5,5,0,0
BRDA:5,5,1,0
BRDA:5,6,0,0
BRDA:5,6,1,0
BRDA:10,7,0,0
BRDA:10,7,1,0
BRDA:13,8,0,1
BRDA:13,8,1,1
BRDA:13,8,2,1
BRDA:13,9,0,1
BRDA:13,9,1,0
BRDA:18,10,0,1
BRDA:18,10,1,1
BRDA:18,10,2,1
BRDA:19,11,0,1
BRDA:19,11,1,0
BRDA:19,12,0,1
BRDA:19,12,1,1
BRDA:21,13,0,0
BRDA:21,13,1,0
BRDA:21,14,0,0
BRDA:21,14,1,0
BRDA:21,15,0,0
BRDA:21,15,1,0
BRDA:25,16,0,1
BRDA:25,16,1,1
BRDA:25,16,2,1
BRDA:26,17,0,1
BRDA:26,17,1,0
BRDA:27,18,0,1
BRDA:27,18,1,1
BRDA:30,19,0,1
BRDA:30,19,1,1
BRDA:31,20,0,1
BRDA:31,20,1,1
BRDA:50,21,0,1
BRDA:50,21,1,317
BRDA:56,22,0,301
BRDA:56,22,1,17
BRDA:56,23,0,318
BRDA:56,23,1,315
BRDA:57,24,0,79
BRDA:57,24,1,222
BRDA:74,25,0,205
BRDA:74,25,1,17
BRDA:74,26,0,222
BRDA:74,26,1,222
BRDA:74,27,0,17
BRDA:74,27,1,205
BRDA:74,28,0,222
BRDA:74,28,1,205
BRDA:80,29,0,17
BRDA:80,29,1,205
BRDA:80,30,0,222
BRDA:80,30,1,214
BRDA:81,31,0,205
BRDA:81,31,1,17
BRDA:82,32,0,205
BRDA:82,32,1,17
BRDA:83,33,0,0
BRDA:83,33,1,159
BRDA:83,34,0,159
BRDA:83,34,1,159
BRDA:83,35,0,159
BRDA:83,35,1,0
BRDA:83,36,0,159
BRDA:83,36,1,159
BRF:78
BRH:54
end_of_record
